生成启动时间为 2017/8/25 15:24:30。
     1>项目“E:\C++ project\ElfParseTools\ElfParseTools\ElfParseTools.vcxproj”在节点 2 上(Build 个目标)。
     1>ClCompile:
         D:\Program Files (x86)\Microsoft Visual Studio 12.0\VC\bin\CL.exe /c /Zi /nologo /W3 /WX- /sdl /Od /Oi /Oy- /GL /D WIN32 /D NDEBUG /D _CONSOLE /D _LIB /D _UNICODE /D UNICODE /Gm- /EHsc /MD /GS /Gy /fp:precise /Zc:wchar_t /Zc:forScope /Fo"Release\\" /Fd"Release\vc120.pdb" /Gd /TP /analyze- /errorReport:prompt /D "_CRT_SECURE_NO_DEPRECATE" parseSo.cpp
         parseSo.cpp
       Link:
         D:\Program Files (x86)\Microsoft Visual Studio 12.0\VC\bin\link.exe /ERRORREPORT:PROMPT /OUT:"E:\C++ project\ElfParseTools\Release\ElfParseTools.exe" /INCREMENTAL:NO /NOLOGO kernel32.lib user32.lib gdi32.lib winspool.lib comdlg32.lib advapi32.lib shell32.lib ole32.lib oleaut32.lib uuid.lib odbc32.lib odbccp32.lib /MANIFEST /MANIFESTUAC:"level='asInvoker' uiAccess='false'" /manifest:embed /DEBUG /PDB:"E:\C++ project\ElfParseTools\Release\ElfParseTools.pdb" /SUBSYSTEM:CONSOLE /OPT:REF /OPT:ICF /LTCG /TLBID:1 /DYNAMICBASE /NXCOMPAT /IMPLIB:"E:\C++ project\ElfParseTools\Release\ElfParseTools.lib" /MACHINE:X86 /SAFESEH Release\AddSection.obj
         Release\ElfGotAnalyse.obj
         Release\ElfHeader.obj
         Release\ElfHeader_32.obj
         Release\ParseHeaderInfo.obj
         Release\parseSo.obj
         Release\ProgramHeader.obj
         Release\SectionHeader.obj
         Release\Utils.obj
         正在生成代码
     1>e:\c++ project\elfparsetools\elfparsetools\parseso.cpp(250): warning C4715: “getSpecMathOffset”: 不是所有的控件路径都返回值
         已完成代码的生成
         ElfParseTools.vcxproj -> E:\C++ project\ElfParseTools\Release\ElfParseTools.exe
     1>已完成生成项目“E:\C++ project\ElfParseTools\ElfParseTools\ElfParseTools.vcxproj”(Build 个目标)的操作。

生成成功。

已用时间 00:00:03.30
